# JRE version: OpenJDK Runtime Environment Temurin-17.0.2+8 (17.0.2+8) (build 17.0.2+8)
# Java VM: OpenJDK 64-Bit Server VM Temurin-17.0.2+8 (17.0.2+8, mixed mode, tiered, compressed oops, compressed class ptrs, g1 gc, windows-amd64)
GC Precious Log:
 CPUs: 4 total, 4 available
 Memory: 3993M
 Large Page Support: Disabled
 NUMA Support: Disabled
 Compressed Oops: Enabled (32-bit)
 Heap Region Size: 1M
 Heap Min Capacity: 8M
 Heap Initial Capacity: 64M
 Heap Max Capacity: 1000M
 Pre-touch: Disabled
 Parallel Workers: 4
 Concurrent Workers: 1
 Concurrent Refinement Workers: 4
 Periodic GC: Disabled
Heap:
 garbage-first heap   total 96256K, used 52107K [0x00000000c1800000, 0x0000000100000000)
  region size 1024K, 3 young (3072K), 3 survivors (3072K)
 Metaspace       used 53116K, committed 53568K, reserved 1097728K
  class space    used 6182K, committed 6400K, reserved 1048576K
GC Heap History (20 events):
Event: 1930.945 GC heap after
{Heap after GC invocations=57 (full 3):
 garbage-first heap   total 68608K, used 20816K [0x00000000c1800000, 0x0000000100000000)
  region size 1024K, 1 young (1024K), 1 survivors (1024K)
 Metaspace       used 52411K, committed 52800K, reserved 1097728K
  class space    used 6115K, committed 6272K, reserved 1048576K
}
Event: 2011.170 GC heap before
{Heap before GC invocations=58 (full 3):
 garbage-first heap   total 68608K, used 51536K [0x00000000c1800000, 0x0000000100000000)
  region size 1024K, 31 young (31744K), 1 survivors (1024K)
 Metaspace       used 52559K, committed 52928K, reserved 1097728K
  class space    used 6139K, committed 6336K, reserved 1048576K
}
Event: 2011.195 GC heap after
{Heap after GC invocations=59 (full 3):
 garbage-first heap   total 68608K, used 22306K [0x00000000c1800000, 0x0000000100000000)
  region size 1024K, 2 young (2048K), 2 survivors (2048K)
 Metaspace       used 52559K, committed 52928K, reserved 1097728K
  class space    used 6139K, committed 6336K, reserved 1048576K
}
Event: 2015.487 GC heap before
{Heap before GC invocations=59 (full 3):
 garbage-first heap   total 68608K, used 53026K [0x00000000c1800000, 0x0000000100000000)
  region size 1024K, 32 young (32768K), 2 survivors (2048K)
 Metaspace       used 53073K, committed 53504K, reserved 1097728K
  class space    used 6180K, committed 6400K, reserved 1048576K
}
Event: 2015.532 GC heap after
{Heap after GC invocations=60 (full 3):
 garbage-first heap   total 68608K, used 25017K [0x00000000c1800000, 0x0000000100000000)
  region size 1024K, 4 young (4096K), 4 survivors (4096K)
 Metaspace       used 53073K, committed 53504K, reserved 1097728K
  class space    used 6180K, committed 6400K, reserved 1048576K
}
Event: 2016.001 GC heap before
{Heap before GC invocations=61 (full 3):
 garbage-first heap   total 68608K, used 31161K [0x00000000c1800000, 0x0000000100000000)
  region size 1024K, 11 young (11264K), 4 survivors (4096K)
 Metaspace       used 53097K, committed 53504K, reserved 1097728K
  class space    used 6180K, committed 6400K, reserved 1048576K
}
Event: 2016.033 GC heap after
{Heap after GC invocations=62 (full 3):
 garbage-first heap   total 68608K, used 26394K [0x00000000c1800000, 0x0000000100000000)
  region size 1024K, 2 young (2048K), 2 survivors (2048K)
 Metaspace       used 53097K, committed 53504K, reserved 1097728K
  class space    used 6180K, committed 6400K, reserved 1048576K
}
Event: 2016.491 GC heap before
{Heap before GC invocations=63 (full 3):
 garbage-first heap   total 68608K, used 51994K [0x00000000c1800000, 0x0000000100000000)
  region size 1024K, 26 young (26624K), 2 survivors (2048K)
 Metaspace       used 53097K, committed 53504K, reserved 1097728K
  class space    used 6180K, committed 6400K, reserved 1048576K
}
Event: 2016.503 GC heap after
{Heap after GC invocations=64 (full 3):
 garbage-first heap   total 68608K, used 31116K [0x00000000c1800000, 0x0000000100000000)
  region size 1024K, 4 young (4096K), 4 survivors (4096K)
 Metaspace       used 53097K, committed 53504K, reserved 1097728K
  class space    used 6180K, committed 6400K, reserved 1048576K
}
Event: 2016.735 GC heap before
{Heap before GC invocations=64 (full 3):
 garbage-first heap   total 68608K, used 50572K [0x00000000c1800000, 0x0000000100000000)
  region size 1024K, 25 young (25600K), 4 survivors (4096K)
 Metaspace       used 53102K, committed 53568K, reserved 1097728K
  class space    used 6180K, committed 6400K, reserved 1048576K
}
Event: 2016.762 GC heap after
{Heap after GC invocations=65 (full 3):
 garbage-first heap   total 82944K, used 37221K [0x00000000c1800000, 0x0000000100000000)
  region size 1024K, 4 young (4096K), 4 survivors (4096K)
 Metaspace       used 53102K, committed 53568K, reserved 1097728K
  class space    used 6180K, committed 6400K, reserved 1048576K
}
Event: 2016.888 GC heap before
{Heap before GC invocations=65 (full 3):
 garbage-first heap   total 82944K, used 61797K [0x00000000c1800000, 0x0000000100000000)
  region size 1024K, 27 young (27648K), 4 survivors (4096K)
 Metaspace       used 53102K, committed 53568K, reserved 1097728K
  class space    used 6180K, committed 6400K, reserved 1048576K
}
Event: 2016.943 GC heap after
{Heap after GC invocations=66 (full 3):
 garbage-first heap   total 82944K, used 44139K [0x00000000c1800000, 0x0000000100000000)
  region size 1024K, 4 young (4096K), 4 survivors (4096K)
 Metaspace       used 53102K, committed 53568K, reserved 1097728K
  class space    used 6180K, committed 6400K, reserved 1048576K
}
Event: 2017.731 GC heap before
{Heap before GC invocations=66 (full 3):
 garbage-first heap   total 82944K, used 61547K [0x00000000c1800000, 0x0000000100000000)
  region size 1024K, 21 young (21504K), 4 survivors (4096K)
 Metaspace       used 53104K, committed 53568K, reserved 1097728K
  class space    used 6180K, committed 6400K, reserved 1048576K
}
Event: 2017.740 GC heap after
{Heap after GC invocations=67 (full 3):
 garbage-first heap   total 82944K, used 48425K [0x00000000c1800000, 0x0000000100000000)
  region size 1024K, 3 young (3072K), 3 survivors (3072K)
 Metaspace       used 53104K, committed 53568K, reserved 1097728K
  class space    used 6180K, committed 6400K, reserved 1048576K
}
Event: 2018.138 GC heap before
{Heap before GC invocations=68 (full 3):
 garbage-first heap   total 96256K, used 61737K [0x00000000c1800000, 0x0000000100000000)
  region size 1024K, 17 young (17408K), 3 survivors (3072K)
 Metaspace       used 53101K, committed 53568K, reserved 1097728K
  class space    used 6180K, committed 6400K, reserved 1048576K
}
Event: 2018.145 GC heap after
{Heap after GC invocations=69 (full 3):
 garbage-first heap   total 96256K, used 50831K [0x00000000c1800000, 0x0000000100000000)
  region size 1024K, 3 young (3072K), 3 survivors (3072K)
 Metaspace       used 53101K, committed 53568K, reserved 1097728K
  class space    used 6180K, committed 6400K, reserved 1048576K
}
Event: 2018.151 GC heap before
{Heap before GC invocations=69 (full 3):
 garbage-first heap   total 96256K, used 50831K [0x00000000c1800000, 0x0000000100000000)
  region size 1024K, 4 young (4096K), 3 survivors (3072K)
 Metaspace       used 53101K, committed 53568K, reserved 1097728K
  class space    used 6180K, committed 6400K, reserved 1048576K
}
Event: 2018.156 GC heap after
{Heap after GC invocations=70 (full 3):
 garbage-first heap   total 96256K, used 45394K [0x00000000c1800000, 0x0000000100000000)
  region size 1024K, 1 young (1024K), 1 survivors (1024K)
 Metaspace       used 53101K, committed 53568K, reserved 1097728K
  class space    used 6180K, committed 6400K, reserved 1048576K
}
Event: 2018.305 GC heap before
{Heap before GC invocations=70 (full 3):
 garbage-first heap   total 96256K, used 67922K [0x00000000c1800000, 0x0000000100000000)
  region size 1024K, 23 young (23552K), 1 survivors (1024K)
 Metaspace       used 53116K, committed 53568K, reserved 1097728K
  class space    used 6182K, committed 6400K, reserved 1048576K
}

